<?xml version="1.0" encoding="UTF-8"?>
<testng-results ignored="0" total="1" passed="1" failed="0" skipped="0">
  <reporter-output>
  </reporter-output>
  <suite started-at="2022-04-07T18:19:22 IST" name="Default suite" finished-at="2022-04-07T18:19:38 IST" duration-ms="16217">
    <groups>
    </groups>
    <test started-at="2022-04-07T18:19:22 IST" name="Default test" finished-at="2022-04-07T18:19:38 IST" duration-ms="16217">
      <class name="MainE2E.HomePage">
        <test-method signature="HomePageNavigation()[pri:0, instance:MainE2E.HomePage@a530d0a]" started-at="2022-04-07T18:19:22 IST" name="HomePageNavigation" finished-at="2022-04-07T18:19:38 IST" duration-ms="16096" status="PASS">
          <reporter-output>
          </reporter-output>
        </test-method> <!-- HomePageNavigation -->
      </class> <!-- MainE2E.HomePage -->
    </test> <!-- Default test -->
  </suite> <!-- Default suite -->
</testng-results>
